<?xml version="1.0" encoding="UTF-8"?>
<!-- Generated by org.testng.reporters.JUnitReportReporter -->
<testsuite skipped="0" hostname="lenovo" name="com.univadis.tests.LoginPageTest" tests="1" failures="0" timestamp="21 Jul 2021 20:30:00 GMT" time="72.237" errors="0">
  <testcase name="verifyLoginTest" time="72.237" classname="com.univadis.tests.LoginPageTest"/>
</testsuite> <!-- com.univadis.tests.LoginPageTest -->
